<?xml version="1.0" encoding="UTF-8"?>
<!-- Generated by org.testng.reporters.JUnitReportReporter -->
<testsuite hostname="DESKTOP-UKSE9H5" failures="0" tests="1" name="javaSeleniumUIAutomation.Tests.SubmitOrderTest" time="10.555" errors="0" timestamp="2025-02-03T20:27:10 IST" skipped="0">
  <testcase classname="javaSeleniumUIAutomation.Tests.SubmitOrderTest" name="successfulLogIn" time="10.555"/>
</testsuite> <!-- javaSeleniumUIAutomation.Tests.SubmitOrderTest -->
