<?xml version="1.0" encoding="UTF-8"?>
<!-- Generated by org.testng.reporters.JUnitReportReporter -->
<testsuite hostname="DESKTOP-UKSE9H5" failures="0" tests="1" name="javaSeleniumUIAutomation.Tests.SuccessfulLogIn" time="8.686" errors="0" timestamp="2025-02-03T20:36:21 IST" skipped="0">
  <testcase classname="javaSeleniumUIAutomation.Tests.SuccessfulLogIn" name="successfulLogIn" time="8.686"/>
</testsuite> <!-- javaSeleniumUIAutomation.Tests.SuccessfulLogIn -->
