<?xml version="1.0" encoding="UTF-8"?>
<!-- Generated by org.testng.reporters.JUnitReportReporter -->
<testsuite hostname="DESKTOP-UKSE9H5" failures="0" tests="2" name="javaSeleniumUIAutomation.Tests.SuccessfulLogIn" time="18.244" errors="0" timestamp="2025-02-03T21:32:32 IST" skipped="0">
  <testcase classname="javaSeleniumUIAutomation.Tests.SuccessfulLogIn" name="successfulLogIn" time="8.192"/>
  <testcase classname="javaSeleniumUIAutomation.Tests.SuccessfulLogIn" name="unsuccessfulLogIn" time="10.052"/>
</testsuite> <!-- javaSeleniumUIAutomation.Tests.SuccessfulLogIn -->
