<?xml version="1.0" encoding="UTF-8"?>
<!-- Generated by org.testng.reporters.JUnitReportReporter -->
<testsuite hostname="DESKTOP-UKSE9H5" failures="0" tests="2" name="javaSeleniumUIAutomation.Tests.LogIn" time="41.343" errors="0" timestamp="2025-02-03T22:37:36 IST" skipped="0">
  <testcase classname="javaSeleniumUIAutomation.Tests.LogIn" name="unsuccessfulLogIn" time="25.652"/>
  <testcase classname="javaSeleniumUIAutomation.Tests.LogIn" name="successfulLogIn" time="15.691"/>
</testsuite> <!-- javaSeleniumUIAutomation.Tests.LogIn -->
